<?xml version="1.0" encoding="UTF-8"?>
<!-- Generated by org.testng.reporters.JUnitXMLReporter -->
<testsuite ignored="0" hostname="Navaishu" failures="0" tests="3" name="Test" time="36.444" errors="0" timestamp="2023-04-05T22:46:02 IST">
  <testcase classname="maven_crmTests.LoginPageTest" name="validateLogoTest" time="0.065"/>
  <testcase classname="maven_crmTests.LoginPageTest" name="validateforgotPassword" time="2.554"/>
  <testcase classname="maven_crmTests.LoginPageTest" name="validatloginTest" time="0.0"/>
</testsuite> <!-- Test -->
