<?xml version="1.0" encoding="UTF-8"?>
<testng-results ignored="0" total="1" passed="1" failed="0" skipped="0">
  <reporter-output>
  </reporter-output>
  <suite started-at="2023-04-10T14:22:05 IST" name="Default suite" finished-at="2023-04-10T14:22:33 IST" duration-ms="27998">
    <groups>
    </groups>
    <test started-at="2023-04-10T14:22:05 IST" name="Default test" finished-at="2023-04-10T14:22:33 IST" duration-ms="27998">
      <class name="maven_crmTests.NewContactPageTest">
        <test-method is-config="true" signature="initialization()[pri:0, instance:maven_crmTests.NewContactPageTest@67080771]" started-at="2023-04-10T14:22:05 IST" name="initialization" finished-at="2023-04-10T14:22:28 IST" duration-ms="23502" status="PASS">
          <reporter-output>
          </reporter-output>
        </test-method> <!-- initialization -->
        <test-method signature="validateClickContactLink()[pri:0, instance:maven_crmTests.NewContactPageTest@67080771]" started-at="2023-04-10T14:22:28 IST" name="validateClickContactLink" finished-at="2023-04-10T14:22:32 IST" duration-ms="4292" status="PASS">
          <reporter-output>
          </reporter-output>
        </test-method> <!-- validateClickContactLink -->
        <test-method is-config="true" signature="teardown()[pri:0, instance:maven_crmTests.NewContactPageTest@67080771]" started-at="2023-04-10T14:22:32 IST" name="teardown" finished-at="2023-04-10T14:22:33 IST" duration-ms="177" status="PASS">
          <reporter-output>
          </reporter-output>
        </test-method> <!-- teardown -->
      </class> <!-- maven_crmTests.NewContactPageTest -->
    </test> <!-- Default test -->
  </suite> <!-- Default suite -->
</testng-results>
